<?xml version="1.0" encoding="UTF-8"?>
<robot generator="Robot 5.0.1 (Python 3.10.5 on win32)" generated="20220715 20:38:24.345" rpa="false" schemaversion="3">
<suite id="s1" name="Mobile" source="D:\WebSehatQRobot\mobile.robot">
<test id="s1-t1" name="First Test cases" line="21">
<kw name="Open calculator">
<kw name="Open Application" library="AppiumLibrary">
<arg>${REMOTE_URL}</arg>
<arg>platformName=${PLATFORM_NAME}</arg>
<arg>platformVersion=${PLATFORM_VERSION}</arg>
<arg>deviceName=${DEVICE_NAME}</arg>
<arg>automationName=UiAutomator2</arg>
<arg>newCommandTimeout=2500</arg>
<arg>appActivity=${Activity_NAME}</arg>
<arg>appPackage=${PACKAGE_NAME}</arg>
<doc>Opens a new application to given Appium server.
Capabilities of appium server, Android and iOS,
Please check https://github.com/appium/appium/blob/master/docs/en/writing-running-appium/server-args.md
| *Option*            | *Man.* | *Description*     |
| remote_url          | Yes    | Appium server url |
| alias               | no     | alias             |</doc>
<kw name="Capture Page Screenshot" library="AppiumLibrary">
<doc>Takes a screenshot of the current page and embeds it into the log.</doc>
<msg timestamp="20220715 20:38:29.340" level="FAIL">No application is open</msg>
<status status="FAIL" starttime="20220715 20:38:29.337" endtime="20220715 20:38:29.346"/>
</kw>
<msg timestamp="20220715 20:38:29.350" level="WARN">Keyword 'Capture Page Screenshot' could not be run on failure: No application is open</msg>
<msg timestamp="20220715 20:38:29.351" level="FAIL">WebDriverException: Message: An unknown server-side error occurred while processing the command. Original error: 'app' option is required for reinstall
</msg>
<status status="FAIL" starttime="20220715 20:38:24.936" endtime="20220715 20:38:29.352"/>
</kw>
<status status="FAIL" starttime="20220715 20:38:24.935" endtime="20220715 20:38:29.353"/>
</kw>
<kw name="Click Element" library="AppiumLibrary">
<arg>xpath=//android.widget.Button[contains(@text,'6')]</arg>
<doc>Click element identified by `locator`.</doc>
<status status="NOT RUN" starttime="20220715 20:38:29.354" endtime="20220715 20:38:29.355"/>
</kw>
<kw name="Click Element" library="AppiumLibrary">
<arg>xpath=//android.widget.Button[contains(@text,'+')]</arg>
<doc>Click element identified by `locator`.</doc>
<status status="NOT RUN" starttime="20220715 20:38:29.355" endtime="20220715 20:38:29.355"/>
</kw>
<kw name="Click Element" library="AppiumLibrary">
<arg>xpath=//android.widget.Button[contains(@text,'4')]</arg>
<doc>Click element identified by `locator`.</doc>
<status status="NOT RUN" starttime="20220715 20:38:29.356" endtime="20220715 20:38:29.356"/>
</kw>
<kw name="Click Element" library="AppiumLibrary">
<arg>xpath=//android.widget.Button[contains(@text,'=')]</arg>
<doc>Click element identified by `locator`.</doc>
<status status="NOT RUN" starttime="20220715 20:38:29.356" endtime="20220715 20:38:29.356"/>
</kw>
<status status="FAIL" starttime="20220715 20:38:24.934" endtime="20220715 20:38:29.358">WebDriverException: Message: An unknown server-side error occurred while processing the command. Original error: 'app' option is required for reinstall
</status>
</test>
<status status="FAIL" starttime="20220715 20:38:24.352" endtime="20220715 20:38:29.360"/>
</suite>
<statistics>
<total>
<stat pass="0" fail="1" skip="0">All Tests</stat>
</total>
<tag>
</tag>
<suite>
<stat pass="0" fail="1" skip="0" id="s1" name="Mobile">Mobile</stat>
</suite>
</statistics>
<errors>
<msg timestamp="20220715 20:38:29.350" level="WARN">Keyword 'Capture Page Screenshot' could not be run on failure: No application is open</msg>
</errors>
</robot>
